<?xml version="1.0" encoding="UTF-8"?>
<!-- Generated by org.testng.reporters.JUnitReportReporter -->
<testsuite skipped="0" hostname="ANVER-PC" name="validationsOfManageOrderPage.ListOrdersStatus" tests="1" failures="0" timestamp="07 Aug 2021 20:48:26 GMT" time="6.366" errors="0">
  <testcase name="VerifyUsersButtonFunctionality" time="6.366" classname="validationsOfManageOrderPage.ListOrdersStatus"/>
</testsuite> <!-- validationsOfManageOrderPage.ListOrdersStatus -->
