<?xml version="1.0" encoding="UTF-8"?>
<!-- Generated by org.testng.reporters.JUnitReportReporter -->
<testsuite skipped="0" hostname="ANVER-PC" name="validationsOfAdminUsersPage.verifyCreateAndSearchOfUsers" tests="8" failures="0" timestamp="03 Aug 2021 19:14:53 GMT" time="75.563" errors="0">
  <testcase name="verifySearchButtonInAdminUsersPage" time="6.697" classname="validationsOfAdminUsersPage.verifyCreateAndSearchOfUsers"/>
  <testcase name="verifySearchButtonInAdminUsersPage" time="13.259" classname="validationsOfAdminUsersPage.verifyCreateAndSearchOfUsers"/>
  <testcase name="verifySearchButtonInAdminUsersPage" time="6.036" classname="validationsOfAdminUsersPage.verifyCreateAndSearchOfUsers"/>
  <testcase name="verifySearchButtonInAdminUsersPage" time="6.899" classname="validationsOfAdminUsersPage.verifyCreateAndSearchOfUsers"/>
  <testcase name="verifySearchButtonInAdminUsersPage" time="12.827" classname="validationsOfAdminUsersPage.verifyCreateAndSearchOfUsers"/>
  <testcase name="verifySearchButtonInAdminUsersPage" time="11.703" classname="validationsOfAdminUsersPage.verifyCreateAndSearchOfUsers"/>
  <testcase name="verifySearchButtonInAdminUsersPage" time="9.876" classname="validationsOfAdminUsersPage.verifyCreateAndSearchOfUsers"/>
  <testcase name="verifySearchButtonInAdminUsersPage" time="8.266" classname="validationsOfAdminUsersPage.verifyCreateAndSearchOfUsers"/>
</testsuite> <!-- validationsOfAdminUsersPage.verifyCreateAndSearchOfUsers -->
