<?xml version="1.0" encoding="UTF-8"?>
<!-- Generated by org.testng.reporters.JUnitReportReporter -->
<testsuite skipped="0" hostname="ANVER-PC" name="validationsOfAdminUsersPage.verifyCreateAndSearchOfUsers" tests="8" failures="0" timestamp="08 Aug 2021 16:50:33 GMT" time="59.627" errors="0">
  <testcase name="verifySearchButtonInAdminUsersPage" time="6.891" classname="validationsOfAdminUsersPage.verifyCreateAndSearchOfUsers"/>
  <testcase name="verifySearchButtonInAdminUsersPage" time="9.941" classname="validationsOfAdminUsersPage.verifyCreateAndSearchOfUsers"/>
  <testcase name="verifySearchButtonInAdminUsersPage" time="7.166" classname="validationsOfAdminUsersPage.verifyCreateAndSearchOfUsers"/>
  <testcase name="verifySearchButtonInAdminUsersPage" time="6.793" classname="validationsOfAdminUsersPage.verifyCreateAndSearchOfUsers"/>
  <testcase name="verifySearchButtonInAdminUsersPage" time="7.097" classname="validationsOfAdminUsersPage.verifyCreateAndSearchOfUsers"/>
  <testcase name="verifySearchButtonInAdminUsersPage" time="6.849" classname="validationsOfAdminUsersPage.verifyCreateAndSearchOfUsers"/>
  <testcase name="verifySearchButtonInAdminUsersPage" time="7.503" classname="validationsOfAdminUsersPage.verifyCreateAndSearchOfUsers"/>
  <testcase name="verifySearchButtonInAdminUsersPage" time="7.387" classname="validationsOfAdminUsersPage.verifyCreateAndSearchOfUsers"/>
</testsuite> <!-- validationsOfAdminUsersPage.verifyCreateAndSearchOfUsers -->
