<?xml version="1.0" encoding="UTF-8"?>
<!-- Generated by org.testng.reporters.JUnitReportReporter -->
<testsuite skipped="0" hostname="ANVER-PC" name="validationsOfMobileSliderPage.ImageUpload" tests="1" failures="0" timestamp="04 Aug 2021 16:45:23 GMT" time="8.513" errors="0">
  <testcase name="verifyImageUpload" time="8.513" classname="validationsOfMobileSliderPage.ImageUpload"/>
</testsuite> <!-- validationsOfMobileSliderPage.ImageUpload -->
