<?xml version="1.0" encoding="UTF-8"?>
<!-- Generated by org.testng.reporters.JUnitReportReporter -->
<testsuite skipped="0" hostname="ANVER-PC" name="validationsOfAdminUsersPage.VerifyResetButton" tests="1" failures="0" timestamp="08 Aug 2021 12:38:37 GMT" time="13.127" errors="0">
  <testcase name="verifyResetButton" time="13.127" classname="validationsOfAdminUsersPage.VerifyResetButton"/>
</testsuite> <!-- validationsOfAdminUsersPage.VerifyResetButton -->
