<?xml version="1.0" encoding="UTF-8"?>
<!-- Generated by org.testng.reporters.JUnitReportReporter -->
<testsuite skipped="0" hostname="ANVER-PC" name="validattionsOfLoginPAge.LoginPageTest" tests="1" failures="0" timestamp="07 Aug 2021 20:48:26 GMT" time="0.382" errors="0">
  <testcase name="verifyDashBoardPage" time="0.382" classname="validattionsOfLoginPAge.LoginPageTest"/>
</testsuite> <!-- validattionsOfLoginPAge.LoginPageTest -->
