<?xml version="1.0" encoding="UTF-8"?>
<!-- Generated by org.testng.reporters.JUnitReportReporter -->
<testsuite skipped="0" hostname="ANVER-PC" name="validationsOfDashBoardPage.DashBoardPageTest" tests="1" failures="0" timestamp="08 Aug 2021 16:45:51 GMT" time="8.914" errors="0">
  <testcase name="isAdminImageDisplayed" time="8.914" classname="validationsOfDashBoardPage.DashBoardPageTest"/>
</testsuite> <!-- validationsOfDashBoardPage.DashBoardPageTest -->
