<?xml version="1.0" encoding="UTF-8"?>
<!-- Generated by org.testng.reporters.JUnitReportReporter -->
<testsuite skipped="0" hostname="ANVER-PC" name="validationsOfAdminUsersPage.VerifyResetButton" tests="1" failures="0" timestamp="08 Aug 2021 16:45:51 GMT" time="7.100" errors="0">
  <testcase name="verifyResetButton" time="7.100" classname="validationsOfAdminUsersPage.VerifyResetButton"/>
</testsuite> <!-- validationsOfAdminUsersPage.VerifyResetButton -->
