<?xml version="1.0" encoding="UTF-8"?>
<!-- Generated by org.testng.reporters.JUnitReportReporter -->
<testsuite skipped="0" hostname="ANVER-PC" name="validationsOfAdminUsersPage.CreateAndDeleteAUser" tests="2" failures="0" timestamp="08 Aug 2021 16:45:51 GMT" time="12.634" errors="0">
  <testcase name="verifyNewUserCreate" time="7.843" classname="validationsOfAdminUsersPage.CreateAndDeleteAUser"/>
  <testcase name="verifyDeleteOfUser" time="4.791" classname="validationsOfAdminUsersPage.CreateAndDeleteAUser"/>
</testsuite> <!-- validationsOfAdminUsersPage.CreateAndDeleteAUser -->
