<?xml version="1.0" encoding="UTF-8"?>
<!-- Generated by org.testng.reporters.JUnitReportReporter -->
<testsuite skipped="0" hostname="ANVER-PC" name="validationsOfManageOrderPage.verifyResetButton" tests="1" failures="0" timestamp="08 Aug 2021 05:59:30 GMT" time="13.739" errors="0">
  <testcase name="validateResetButton" time="13.739" classname="validationsOfManageOrderPage.verifyResetButton"/>
</testsuite> <!-- validationsOfManageOrderPage.verifyResetButton -->
