<?xml version="1.0" encoding="UTF-8"?>
<!-- Generated by org.testng.reporters.JUnitReportReporter -->
<testsuite skipped="0" hostname="ANVER-PC" name="validattionsOfLoginPage.LoginPageTest" tests="1" failures="0" timestamp="08 Aug 2021 16:45:51 GMT" time="4.943" errors="0">
  <testcase name="verifyDashBoardPage" time="4.943" classname="validattionsOfLoginPage.LoginPageTest"/>
</testsuite> <!-- validattionsOfLoginPage.LoginPageTest -->
