<?xml version="1.0" encoding="UTF-8"?>
<!-- Generated by org.testng.reporters.JUnitReportReporter -->
<testsuite skipped="0" hostname="ANVER-PC" name="manageOrderPageValidations.VerifySearchListOrders" tests="2" failures="0" timestamp="02 Aug 2021 09:06:16 GMT" time="6.680" errors="0">
  <testcase name="verifySearchofOrdersInList" time="2.875" classname="manageOrderPageValidations.VerifySearchListOrders"/>
  <testcase name="verifyDropDownstatusPaid" time="3.805" classname="manageOrderPageValidations.VerifySearchListOrders"/>
</testsuite> <!-- manageOrderPageValidations.VerifySearchListOrders -->
