<?xml version="1.0" encoding="UTF-8"?>
<!-- Generated by org.testng.reporters.JUnitReportReporter -->
<testsuite skipped="0" hostname="ANVER-PC" name="validationsOfManageOrderPage.verifyResetButton" tests="1" failures="0" timestamp="08 Aug 2021 16:45:51 GMT" time="10.195" errors="0">
  <testcase name="validateResetButton" time="10.195" classname="validationsOfManageOrderPage.verifyResetButton"/>
</testsuite> <!-- validationsOfManageOrderPage.verifyResetButton -->
