<?xml version="1.0" encoding="UTF-8"?>
<!-- Generated by org.testng.reporters.JUnitReportReporter -->
<testsuite skipped="0" hostname="ANVER-PC" name="validationsOfManageOrderPage.VerifySearchListOrders" tests="2" failures="0" timestamp="08 Aug 2021 16:45:51 GMT" time="14.969" errors="0">
  <testcase name="verifySearchofOrdersInList" time="9.139" classname="validationsOfManageOrderPage.VerifySearchListOrders"/>
  <testcase name="verifyDropDownstatusPaid" time="5.830" classname="validationsOfManageOrderPage.VerifySearchListOrders"/>
</testsuite> <!-- validationsOfManageOrderPage.VerifySearchListOrders -->
