<?xml version="1.0" encoding="UTF-8"?>
<!-- Generated by org.testng.reporters.JUnitReportReporter -->
<testsuite skipped="0" hostname="ANVER-PC" name="validationsOfMobileSliderPage.ImageUpload" tests="1" failures="0" timestamp="07 Aug 2021 21:02:08 GMT" time="8.052" errors="0">
  <testcase name="verifyImageUpload" time="8.052" classname="validationsOfMobileSliderPage.ImageUpload"/>
</testsuite> <!-- validationsOfMobileSliderPage.ImageUpload -->
