<?xml version="1.0" encoding="UTF-8"?>
<!-- Generated by org.testng.reporters.JUnitReportReporter -->
<testsuite skipped="0" hostname="ANVER-PC" name="manageOrderPageValidations.verifyResetButton" tests="1" failures="0" timestamp="02 Aug 2021 09:06:16 GMT" time="3.892" errors="0">
  <testcase name="validateResetButton" time="3.892" classname="manageOrderPageValidations.verifyResetButton"/>
</testsuite> <!-- manageOrderPageValidations.verifyResetButton -->
