<?xml version="1.0" encoding="UTF-8"?>
<!-- Generated by org.testng.reporters.JUnitReportReporter -->
<testsuite skipped="0" hostname="ANVER-PC" name="validationsOfAdminUsersPage.verifyCreateAndSearchOfUsers" tests="8" failures="0" timestamp="07 Aug 2021 20:48:26 GMT" time="20.613" errors="0">
  <testcase name="verifySearchButtonInAdminUsersPage" time="2.612" classname="validationsOfAdminUsersPage.verifyCreateAndSearchOfUsers"/>
  <testcase name="verifySearchButtonInAdminUsersPage" time="2.471" classname="validationsOfAdminUsersPage.verifyCreateAndSearchOfUsers"/>
  <testcase name="verifySearchButtonInAdminUsersPage" time="2.216" classname="validationsOfAdminUsersPage.verifyCreateAndSearchOfUsers"/>
  <testcase name="verifySearchButtonInAdminUsersPage" time="2.542" classname="validationsOfAdminUsersPage.verifyCreateAndSearchOfUsers"/>
  <testcase name="verifySearchButtonInAdminUsersPage" time="2.501" classname="validationsOfAdminUsersPage.verifyCreateAndSearchOfUsers"/>
  <testcase name="verifySearchButtonInAdminUsersPage" time="3.682" classname="validationsOfAdminUsersPage.verifyCreateAndSearchOfUsers"/>
  <testcase name="verifySearchButtonInAdminUsersPage" time="2.196" classname="validationsOfAdminUsersPage.verifyCreateAndSearchOfUsers"/>
  <testcase name="verifySearchButtonInAdminUsersPage" time="2.393" classname="validationsOfAdminUsersPage.verifyCreateAndSearchOfUsers"/>
</testsuite> <!-- validationsOfAdminUsersPage.verifyCreateAndSearchOfUsers -->
