<?xml version="1.0" encoding="UTF-8"?>
<!-- Generated by org.testng.reporters.JUnitReportReporter -->
<testsuite skipped="0" hostname="ANVER-PC" name="tests7DaySuperMarket.DashBoardPageTest" tests="1" failures="0" timestamp="02 Aug 2021 09:38:42 GMT" time="4.762" errors="0">
  <testcase name="methd" time="4.762" classname="tests7DaySuperMarket.DashBoardPageTest"/>
</testsuite> <!-- tests7DaySuperMarket.DashBoardPageTest -->
