<?xml version="1.0" encoding="UTF-8"?>
<!-- Generated by org.testng.reporters.JUnitReportReporter -->
<testsuite skipped="0" hostname="ANVER-PC" name="validationsOfDashBoardPage.DashBoardPageTest" tests="1" failures="0" timestamp="03 Aug 2021 19:14:53 GMT" time="12.972" errors="0">
  <testcase name="methd" time="12.972" classname="validationsOfDashBoardPage.DashBoardPageTest"/>
</testsuite> <!-- validationsOfDashBoardPage.DashBoardPageTest -->
