<?xml version="1.0" encoding="UTF-8"?>
<!-- Generated by org.testng.reporters.JUnitReportReporter -->
<testsuite skipped="0" hostname="ANVER-PC" name="validationsOfManageOrderPage.VerifySearchListOrders" tests="2" failures="0" timestamp="08 Aug 2021 05:58:53 GMT" time="13.778" errors="0">
  <testcase name="verifyDropDownstatusPaid" time="5.117" classname="validationsOfManageOrderPage.VerifySearchListOrders"/>
  <testcase name="verifySearchofOrdersInList" time="8.661" classname="validationsOfManageOrderPage.VerifySearchListOrders"/>
</testsuite> <!-- validationsOfManageOrderPage.VerifySearchListOrders -->
