<?xml version="1.0" encoding="UTF-8"?>
<!-- Generated by org.testng.reporters.JUnitReportReporter -->
<testsuite skipped="0" hostname="ANVER-PC" name="adminUsersPageValidations.verifySearchOfUsers" tests="5" failures="0" timestamp="02 Aug 2021 09:06:16 GMT" time="12.118" errors="0">
  <testcase name="verifySearchButtonInAdminUsersPage" time="2.193" classname="adminUsersPageValidations.verifySearchOfUsers"/>
  <testcase name="verifySearchButtonInAdminUsersPage" time="2.008" classname="adminUsersPageValidations.verifySearchOfUsers"/>
  <testcase name="verifySearchButtonInAdminUsersPage" time="2.024" classname="adminUsersPageValidations.verifySearchOfUsers"/>
  <testcase name="verifySearchButtonInAdminUsersPage" time="2.487" classname="adminUsersPageValidations.verifySearchOfUsers"/>
  <testcase name="verifySearchButtonInAdminUsersPage" time="3.406" classname="adminUsersPageValidations.verifySearchOfUsers"/>
</testsuite> <!-- adminUsersPageValidations.verifySearchOfUsers -->
