<?xml version="1.0" encoding="UTF-8"?>
<!-- Generated by org.testng.reporters.JUnitReportReporter -->
<testsuite skipped="0" hostname="ANVER-PC" name="validattionsOfLoginPAge.LoginPageTest" tests="1" failures="0" timestamp="03 Aug 2021 19:14:53 GMT" time="1.005" errors="0">
  <testcase name="verifyDashBoardPage" time="1.005" classname="validattionsOfLoginPAge.LoginPageTest"/>
</testsuite> <!-- validattionsOfLoginPAge.LoginPageTest -->
