<?xml version="1.0" encoding="UTF-8"?>
<!-- Generated by org.testng.reporters.JUnitReportReporter -->
<testsuite skipped="0" hostname="ANVER-PC" name="adminUsersPageValidations.VerifyResetButton" tests="1" failures="0" timestamp="02 Aug 2021 09:06:16 GMT" time="2.461" errors="0">
  <testcase name="verifyResetButton" time="2.461" classname="adminUsersPageValidations.VerifyResetButton"/>
</testsuite> <!-- adminUsersPageValidations.VerifyResetButton -->
