<?xml version="1.0" encoding="UTF-8"?>
<!-- Generated by org.testng.reporters.JUnitReportReporter -->
<testsuite skipped="0" hostname="ANVER-PC" name="validationsOfDashBoardPage.LoginPageTest" tests="1" failures="0" timestamp="03 Aug 2021 03:33:28 GMT" time="0.447" errors="0">
  <testcase name="verifyDashBoardPage" time="0.447" classname="validationsOfDashBoardPage.LoginPageTest"/>
</testsuite> <!-- validationsOfDashBoardPage.LoginPageTest -->
