<?xml version="1.0" encoding="UTF-8"?>
<!-- Generated by org.testng.reporters.JUnitReportReporter -->
<testsuite skipped="0" hostname="ANVER-PC" name="adminUsersPageValidations.CreateAndDeleteAUser" tests="2" failures="0" timestamp="02 Aug 2021 09:06:16 GMT" time="7.517" errors="0">
  <testcase name="verifyNewUserCreate" time="3.040" classname="adminUsersPageValidations.CreateAndDeleteAUser"/>
  <testcase name="verifyDeleteOfUser" time="4.477" classname="adminUsersPageValidations.CreateAndDeleteAUser"/>
</testsuite> <!-- adminUsersPageValidations.CreateAndDeleteAUser -->
