<?xml version="1.0" encoding="UTF-8"?>
<!-- Generated by org.testng.reporters.JUnitReportReporter -->
<testsuite skipped="0" hostname="ANVER-PC" name="validationsOfMobileSliderPage.ImageUpload" tests="1" failures="0" timestamp="08 Aug 2021 16:45:51 GMT" time="10.986" errors="0">
  <testcase name="verifyImageUpload" time="10.986" classname="validationsOfMobileSliderPage.ImageUpload"/>
</testsuite> <!-- validationsOfMobileSliderPage.ImageUpload -->
