<?xml version="1.0" encoding="UTF-8"?>
<!-- Generated by org.testng.reporters.JUnitReportReporter -->
<testsuite skipped="0" hostname="ANVER-PC" name="validationsOfAdminUsersPage.UserCanCreateDifferentUsers" tests="5" failures="0" timestamp="03 Aug 2021 19:14:53 GMT" time="52.184" errors="0">
  <testcase name="verifynewUsers" time="6.489" classname="validationsOfAdminUsersPage.UserCanCreateDifferentUsers"/>
  <testcase name="verifynewUsers" time="7.450" classname="validationsOfAdminUsersPage.UserCanCreateDifferentUsers"/>
  <testcase name="verifynewUsers" time="5.655" classname="validationsOfAdminUsersPage.UserCanCreateDifferentUsers"/>
  <testcase name="verifynewUsers" time="10.969" classname="validationsOfAdminUsersPage.UserCanCreateDifferentUsers"/>
  <testcase name="verifynewUsers" time="21.621" classname="validationsOfAdminUsersPage.UserCanCreateDifferentUsers"/>
</testsuite> <!-- validationsOfAdminUsersPage.UserCanCreateDifferentUsers -->
