<?xml version="1.0" encoding="UTF-8"?>
<!-- Generated by org.testng.reporters.JUnitReportReporter -->
<testsuite skipped="0" hostname="ANVER-PC" name="validationsOfAdminUsersPage.CreateAndDeleteAUser" tests="2" failures="0" timestamp="08 Aug 2021 12:38:37 GMT" time="15.408" errors="0">
  <testcase name="verifyNewUserCreate" time="7.078" classname="validationsOfAdminUsersPage.CreateAndDeleteAUser"/>
  <testcase name="verifyDeleteOfUser" time="8.330" classname="validationsOfAdminUsersPage.CreateAndDeleteAUser"/>
</testsuite> <!-- validationsOfAdminUsersPage.CreateAndDeleteAUser -->
