<?xml version="1.0" encoding="UTF-8"?>
<!-- Generated by org.testng.reporters.JUnitReportReporter -->
<testsuite skipped="0" hostname="ANVER-PC" name="validationsOfManageOrderPage.ListOrdersStatus" tests="1" failures="0" timestamp="03 Aug 2021 19:14:53 GMT" time="31.504" errors="0">
  <testcase name="VerifyUsersButtonFunctionality" time="31.504" classname="validationsOfManageOrderPage.ListOrdersStatus"/>
</testsuite> <!-- validationsOfManageOrderPage.ListOrdersStatus -->
