<?xml version="1.0" encoding="UTF-8"?>
<!-- Generated by org.testng.reporters.JUnitReportReporter -->
<testsuite skipped="0" hostname="ANVER-PC" name="validationsOfAdminUsersPage.CreateAndDeleteAUser" tests="2" failures="0" timestamp="05 Aug 2021 10:18:12 GMT" time="62.314" errors="0">
  <testcase name="verifyNewUserCreate" time="14.815" classname="validationsOfAdminUsersPage.CreateAndDeleteAUser"/>
  <testcase name="verifyDeleteOfUser" time="47.499" classname="validationsOfAdminUsersPage.CreateAndDeleteAUser"/>
</testsuite> <!-- validationsOfAdminUsersPage.CreateAndDeleteAUser -->
