<?xml version="1.0" encoding="UTF-8"?>
<!-- Generated by org.testng.reporters.JUnitReportReporter -->
<testsuite skipped="0" hostname="ANVER-PC" name="validationsOfAdminUsersPage.VerifyResetButton" tests="1" failures="0" timestamp="03 Aug 2021 19:14:53 GMT" time="9.512" errors="0">
  <testcase name="verifyResetButton" time="9.512" classname="validationsOfAdminUsersPage.VerifyResetButton"/>
</testsuite> <!-- validationsOfAdminUsersPage.VerifyResetButton -->
