<?xml version="1.0" encoding="UTF-8"?>
<!-- Generated by org.testng.reporters.JUnitReportReporter -->
<testsuite skipped="0" hostname="ANVER-PC" name="validationsOfDashBoardPage.DashBoardPageTest" tests="1" failures="0" timestamp="08 Aug 2021 12:27:23 GMT" time="6.699" errors="0">
  <testcase name="isAdminImageDisplayed" time="6.699" classname="validationsOfDashBoardPage.DashBoardPageTest"/>
</testsuite> <!-- validationsOfDashBoardPage.DashBoardPageTest -->
