<?xml version="1.0" encoding="UTF-8"?>
<!-- Generated by org.testng.reporters.JUnitReportReporter -->
<testsuite skipped="0" hostname="ANVER-PC" name="adminUsersPageValidations.UserCanCreateDifferentUsers" tests="5" failures="0" timestamp="02 Aug 2021 09:06:16 GMT" time="18.108" errors="0">
  <testcase name="verifynewUsers" time="2.822" classname="adminUsersPageValidations.UserCanCreateDifferentUsers"/>
  <testcase name="verifynewUsers" time="3.045" classname="adminUsersPageValidations.UserCanCreateDifferentUsers"/>
  <testcase name="verifynewUsers" time="6.132" classname="adminUsersPageValidations.UserCanCreateDifferentUsers"/>
  <testcase name="verifynewUsers" time="3.209" classname="adminUsersPageValidations.UserCanCreateDifferentUsers"/>
  <testcase name="verifynewUsers" time="2.900" classname="adminUsersPageValidations.UserCanCreateDifferentUsers"/>
</testsuite> <!-- adminUsersPageValidations.UserCanCreateDifferentUsers -->
