<?xml version="1.0" encoding="UTF-8"?>
<!-- Generated by org.testng.reporters.JUnitReportReporter -->
<testsuite skipped="0" hostname="ANVER-PC" name="validationsOfAdminUsersPage.UserCanCreateDifferentUsers" tests="5" failures="0" timestamp="07 Aug 2021 20:48:26 GMT" time="26.594" errors="0">
  <testcase name="verifynewUsers" time="4.523" classname="validationsOfAdminUsersPage.UserCanCreateDifferentUsers"/>
  <testcase name="verifynewUsers" time="7.353" classname="validationsOfAdminUsersPage.UserCanCreateDifferentUsers"/>
  <testcase name="verifynewUsers" time="5.464" classname="validationsOfAdminUsersPage.UserCanCreateDifferentUsers"/>
  <testcase name="verifynewUsers" time="4.579" classname="validationsOfAdminUsersPage.UserCanCreateDifferentUsers"/>
  <testcase name="verifynewUsers" time="4.675" classname="validationsOfAdminUsersPage.UserCanCreateDifferentUsers"/>
</testsuite> <!-- validationsOfAdminUsersPage.UserCanCreateDifferentUsers -->
