<?xml version="1.0" encoding="UTF-8"?>
<!-- Generated by org.testng.reporters.JUnitReportReporter -->
<testsuite skipped="0" hostname="ANVER-PC" name="validationsOfManageOrderPage.VerifySearchListOrders" tests="2" failures="0" timestamp="03 Aug 2021 20:02:45 GMT" time="11.992" errors="0">
  <testcase name="verifyDropDownstatusPaid" time="8.410" classname="validationsOfManageOrderPage.VerifySearchListOrders"/>
  <testcase name="verifySearchofOrdersInList" time="3.582" classname="validationsOfManageOrderPage.VerifySearchListOrders"/>
</testsuite> <!-- validationsOfManageOrderPage.VerifySearchListOrders -->
