<?xml version="1.0" encoding="UTF-8"?>
<!-- Generated by org.testng.reporters.JUnitReportReporter -->
<testsuite skipped="0" hostname="ANVER-PC" name="validationsOfAdminUsersPage.UserCanCreateDifferentUsers" tests="5" failures="0" timestamp="08 Aug 2021 16:45:51 GMT" time="32.197" errors="0">
  <testcase name="verifynewUsers" time="8.614" classname="validationsOfAdminUsersPage.UserCanCreateDifferentUsers"/>
  <testcase name="verifynewUsers" time="5.734" classname="validationsOfAdminUsersPage.UserCanCreateDifferentUsers"/>
  <testcase name="verifynewUsers" time="5.634" classname="validationsOfAdminUsersPage.UserCanCreateDifferentUsers"/>
  <testcase name="verifynewUsers" time="6.234" classname="validationsOfAdminUsersPage.UserCanCreateDifferentUsers"/>
  <testcase name="verifynewUsers" time="5.981" classname="validationsOfAdminUsersPage.UserCanCreateDifferentUsers"/>
</testsuite> <!-- validationsOfAdminUsersPage.UserCanCreateDifferentUsers -->
