<?xml version="1.0" encoding="UTF-8"?>
<!-- Generated by org.testng.reporters.JUnitReportReporter -->
<testsuite skipped="0" hostname="ANVER-PC" name="validationsOfManageOrderPage.verifyResetButton" tests="1" failures="0" timestamp="2021-08-08T22:28:56 IST" time="10.184" errors="0">
  <testcase name="validateResetButton" time="10.184" classname="validationsOfManageOrderPage.verifyResetButton"/>
  <system-out/>
</testsuite> <!-- validationsOfManageOrderPage.verifyResetButton -->
