<?xml version="1.0" encoding="UTF-8"?>
<!-- Generated by org.testng.reporters.JUnitReportReporter -->
<testsuite skipped="0" hostname="ANVER-PC" name="validationsOfAdminUsersPage.CreateAndDeleteAUser" tests="2" failures="0" timestamp="2021-08-08T22:28:56 IST" time="13.446" errors="0">
  <testcase name="verifyNewUserCreate" time="8.867" classname="validationsOfAdminUsersPage.CreateAndDeleteAUser"/>
  <system-out/>
  <testcase name="verifyDeleteOfUser" time="4.579" classname="validationsOfAdminUsersPage.CreateAndDeleteAUser"/>
  <system-out/>
</testsuite> <!-- validationsOfAdminUsersPage.CreateAndDeleteAUser -->
