<?xml version="1.0" encoding="UTF-8"?>
<!-- Generated by org.testng.reporters.JUnitReportReporter -->
<testsuite skipped="0" hostname="ANVER-PC" name="validationsOfManageOrderPage.VerifySearchListOrders" tests="2" failures="0" timestamp="2021-08-08T22:28:56 IST" time="16.424" errors="0">
  <testcase name="verifySearchofOrdersInList" time="10.518" classname="validationsOfManageOrderPage.VerifySearchListOrders"/>
  <system-out/>
  <testcase name="verifyDropDownstatusPaid" time="5.906" classname="validationsOfManageOrderPage.VerifySearchListOrders"/>
  <system-out/>
</testsuite> <!-- validationsOfManageOrderPage.VerifySearchListOrders -->
