<?xml version="1.0" encoding="UTF-8"?>
<!-- Generated by org.testng.reporters.JUnitReportReporter -->
<testsuite skipped="0" hostname="ANVER-PC" name="validattionsOfLoginPAge.LoginPageTest" tests="1" failures="0" timestamp="2021-08-08T02:23:45 IST" time="0.154" errors="0">
  <testcase name="verifyDashBoardPage" time="0.154" classname="validattionsOfLoginPAge.LoginPageTest"/>
  <system-out/>
</testsuite> <!-- validattionsOfLoginPAge.LoginPageTest -->
