<?xml version="1.0" encoding="UTF-8"?>
<!-- Generated by org.testng.reporters.JUnitReportReporter -->
<testsuite skipped="0" hostname="ANVER-PC" name="validationsOfManageOrderPage.VerifySearchListOrders" tests="2" failures="0" timestamp="2021-08-08T02:23:45 IST" time="9.823" errors="0">
  <testcase name="verifyDropDownstatusPaid" time="4.114" classname="validationsOfManageOrderPage.VerifySearchListOrders"/>
  <system-out/>
  <testcase name="verifySearchofOrdersInList" time="5.709" classname="validationsOfManageOrderPage.VerifySearchListOrders"/>
  <system-out/>
</testsuite> <!-- validationsOfManageOrderPage.VerifySearchListOrders -->
