<?xml version="1.0" encoding="UTF-8"?>
<!-- Generated by org.testng.reporters.JUnitReportReporter -->
<testsuite skipped="0" hostname="ANVER-PC" name="validattionsOfLoginPage.LoginPageTest" tests="1" failures="0" timestamp="2021-08-08T22:28:56 IST" time="5.047" errors="0">
  <testcase name="verifyDashBoardPage" time="5.047" classname="validattionsOfLoginPage.LoginPageTest"/>
  <system-out/>
</testsuite> <!-- validattionsOfLoginPage.LoginPageTest -->
