<?xml version="1.0" encoding="UTF-8"?>
<!-- Generated by org.testng.reporters.JUnitReportReporter -->
<testsuite skipped="0" hostname="ANVER-PC" name="validationsOfAdminUsersPage.VerifyResetButton" tests="1" failures="0" timestamp="2021-08-08T02:23:45 IST" time="8.000" errors="0">
  <testcase name="verifyResetButton" time="8.000" classname="validationsOfAdminUsersPage.VerifyResetButton"/>
  <system-out/>
</testsuite> <!-- validationsOfAdminUsersPage.VerifyResetButton -->
