<?xml version="1.0" encoding="UTF-8"?>
<!-- Generated by org.testng.reporters.JUnitReportReporter -->
<testsuite skipped="0" hostname="ANVER-PC" name="validationsOfAdminUsersPage.verifyCreateAndSearchOfUsers" tests="8" failures="0" timestamp="2021-08-08T22:28:56 IST" time="68.132" errors="0">
  <testcase name="verifySearchButtonInAdminUsersPage" time="7.179" classname="validationsOfAdminUsersPage.verifyCreateAndSearchOfUsers"/>
  <system-out/>
  <testcase name="verifySearchButtonInAdminUsersPage" time="11.572" classname="validationsOfAdminUsersPage.verifyCreateAndSearchOfUsers"/>
  <system-out/>
  <testcase name="verifySearchButtonInAdminUsersPage" time="12.501" classname="validationsOfAdminUsersPage.verifyCreateAndSearchOfUsers"/>
  <system-out/>
  <testcase name="verifySearchButtonInAdminUsersPage" time="7.156" classname="validationsOfAdminUsersPage.verifyCreateAndSearchOfUsers"/>
  <system-out/>
  <testcase name="verifySearchButtonInAdminUsersPage" time="7.496" classname="validationsOfAdminUsersPage.verifyCreateAndSearchOfUsers"/>
  <system-out/>
  <testcase name="verifySearchButtonInAdminUsersPage" time="7.169" classname="validationsOfAdminUsersPage.verifyCreateAndSearchOfUsers"/>
  <system-out/>
  <testcase name="verifySearchButtonInAdminUsersPage" time="7.775" classname="validationsOfAdminUsersPage.verifyCreateAndSearchOfUsers"/>
  <system-out/>
  <testcase name="verifySearchButtonInAdminUsersPage" time="7.284" classname="validationsOfAdminUsersPage.verifyCreateAndSearchOfUsers"/>
  <system-out/>
</testsuite> <!-- validationsOfAdminUsersPage.verifyCreateAndSearchOfUsers -->
