<?xml version="1.0" encoding="UTF-8"?>
<!-- Generated by org.testng.reporters.JUnitReportReporter -->
<testsuite skipped="0" hostname="ANVER-PC" name="validationsOfAdminUsersPage.UserCanCreateDifferentUsers" tests="5" failures="0" timestamp="2021-08-08T22:28:56 IST" time="33.627" errors="0">
  <testcase name="verifynewUsers" time="6.005" classname="validationsOfAdminUsersPage.UserCanCreateDifferentUsers"/>
  <system-out/>
  <testcase name="verifynewUsers" time="9.796" classname="validationsOfAdminUsersPage.UserCanCreateDifferentUsers"/>
  <system-out/>
  <testcase name="verifynewUsers" time="5.735" classname="validationsOfAdminUsersPage.UserCanCreateDifferentUsers"/>
  <system-out/>
  <testcase name="verifynewUsers" time="5.934" classname="validationsOfAdminUsersPage.UserCanCreateDifferentUsers"/>
  <system-out/>
  <testcase name="verifynewUsers" time="6.157" classname="validationsOfAdminUsersPage.UserCanCreateDifferentUsers"/>
  <system-out/>
</testsuite> <!-- validationsOfAdminUsersPage.UserCanCreateDifferentUsers -->
