<?xml version="1.0" encoding="UTF-8"?>
<!-- Generated by org.testng.reporters.JUnitReportReporter -->
<testsuite skipped="0" hostname="ANVER-PC" name="validationsOfAdminUsersPage.UserCanCreateDifferentUsers" tests="5" failures="0" timestamp="2021-08-08T02:23:45 IST" time="29.158" errors="0">
  <testcase name="verifynewUsers" time="8.835" classname="validationsOfAdminUsersPage.UserCanCreateDifferentUsers"/>
  <system-out/>
  <testcase name="verifynewUsers" time="4.827" classname="validationsOfAdminUsersPage.UserCanCreateDifferentUsers"/>
  <system-out/>
  <testcase name="verifynewUsers" time="4.767" classname="validationsOfAdminUsersPage.UserCanCreateDifferentUsers"/>
  <system-out/>
  <testcase name="verifynewUsers" time="5.294" classname="validationsOfAdminUsersPage.UserCanCreateDifferentUsers"/>
  <system-out/>
  <testcase name="verifynewUsers" time="5.435" classname="validationsOfAdminUsersPage.UserCanCreateDifferentUsers"/>
  <system-out/>
</testsuite> <!-- validationsOfAdminUsersPage.UserCanCreateDifferentUsers -->
