<?xml version="1.0" encoding="UTF-8"?>
<!-- Generated by org.testng.reporters.JUnitReportReporter -->
<testsuite skipped="0" hostname="ANVER-PC" name="validationsOfDashBoardPage.DashBoardPageTest" tests="1" failures="0" timestamp="2021-08-08T02:23:45 IST" time="4.522" errors="0">
  <testcase name="isAdminImageDisplayed" time="4.522" classname="validationsOfDashBoardPage.DashBoardPageTest"/>
  <system-out/>
</testsuite> <!-- validationsOfDashBoardPage.DashBoardPageTest -->
