<?xml version="1.0" encoding="UTF-8"?>
<!-- Generated by org.testng.reporters.JUnitReportReporter -->
<testsuite skipped="0" hostname="ANVER-PC" name="validationsOfAdminUsersPage.CreateAndDeleteAUser" tests="2" failures="0" timestamp="2021-08-08T02:23:45 IST" time="13.304" errors="0">
  <testcase name="verifyNewUserCreate" time="4.855" classname="validationsOfAdminUsersPage.CreateAndDeleteAUser"/>
  <system-out/>
  <testcase name="verifyDeleteOfUser" time="8.449" classname="validationsOfAdminUsersPage.CreateAndDeleteAUser"/>
  <system-out/>
</testsuite> <!-- validationsOfAdminUsersPage.CreateAndDeleteAUser -->
