<?xml version="1.0" encoding="UTF-8"?>
<!-- Generated by org.testng.reporters.JUnitReportReporter -->
<testsuite skipped="0" hostname="ANVER-PC" name="validationsOfAdminUsersPage.VerifyResetButton" tests="1" failures="0" timestamp="2021-08-08T22:28:56 IST" time="7.432" errors="0">
  <testcase name="verifyResetButton" time="7.432" classname="validationsOfAdminUsersPage.VerifyResetButton"/>
  <system-out/>
</testsuite> <!-- validationsOfAdminUsersPage.VerifyResetButton -->
