<?xml version="1.0" encoding="UTF-8"?>
<!-- Generated by org.testng.reporters.JUnitReportReporter -->
<testsuite skipped="0" hostname="ANVER-PC" name="validationsOfManageOrderPage.verifyResetButton" tests="1" failures="0" timestamp="2021-08-08T02:23:45 IST" time="9.198" errors="0">
  <testcase name="validateResetButton" time="9.198" classname="validationsOfManageOrderPage.verifyResetButton"/>
  <system-out/>
</testsuite> <!-- validationsOfManageOrderPage.verifyResetButton -->
